<?xml version="1.0" encoding="UTF-8"?>
<!-- Generated by org.testng.reporters.JUnitXMLReporter -->
<testsuite ignored="8" hostname="LAPTOP-L3BQ5DRJ" failures="1" tests="5" name="Test1" time="67.016" errors="0" timestamp="2025-04-03T10:36:35 IST">
  <testcase classname="OrganizationTests.ToCreateOrgWithIndustryTest" name="tocreateOrgWithIndustry_003" time="5.458"/>
  <testcase classname="ContactTests.ToCreateContactwWithOrgTest" name="toCreateContactWithOrg_005" time="10.107"/>
  <testcase classname="OrganizationTests.ToCreateOrgWithTypeTest" name="toCreateOrgWithTypeTest" time="5.227"/>
  <testcase classname="ContactTests.ToCreateContactTest" name="toCreateContact_001" time="9.192">
    <failure type="java.lang.AssertionError" message="null">
      <![CDATA[java.lang.AssertionError: null
at ContactTests.ToCreateContactTest.toCreateContact_001(ToCreateContactTest.java:39)
at java.base/java.util.ArrayList.forEach(ArrayList.java:1597)
... Removed 27 stack frames]]>
    </failure>
  </testcase> <!-- toCreateContact_001 -->
  <testcase classname="OrganizationTests.ToCreateOrgTest" name="toCreateOrg_002" time="7.629"/>
  <testcase classname="genericUtility.BaseClass" name="@BeforeSuite beforSuiteConfiugration" time="0.0">
    <ignored/>
  </testcase> <!-- @BeforeSuite beforSuiteConfiugration -->
  <testcase classname="genericUtility.BaseClass" name="@BeforeSuite beforSuiteConfiugration" time="0.0">
    <ignored/>
  </testcase> <!-- @BeforeSuite beforSuiteConfiugration -->
  <testcase classname="genericUtility.BaseClass" name="@BeforeSuite beforSuiteConfiugration" time="0.0">
    <ignored/>
  </testcase> <!-- @BeforeSuite beforSuiteConfiugration -->
  <testcase classname="genericUtility.BaseClass" name="@BeforeSuite beforSuiteConfiugration" time="0.0">
    <ignored/>
  </testcase> <!-- @BeforeSuite beforSuiteConfiugration -->
  <testcase classname="genericUtility.BaseClass" name="@AfterSuite afterSuiteConfiguration" time="0.0">
    <ignored/>
  </testcase> <!-- @AfterSuite afterSuiteConfiguration -->
  <testcase classname="genericUtility.BaseClass" name="@AfterSuite afterSuiteConfiguration" time="0.0">
    <ignored/>
  </testcase> <!-- @AfterSuite afterSuiteConfiguration -->
  <testcase classname="genericUtility.BaseClass" name="@AfterSuite afterSuiteConfiguration" time="0.0">
    <ignored/>
  </testcase> <!-- @AfterSuite afterSuiteConfiguration -->
  <testcase classname="genericUtility.BaseClass" name="@AfterSuite afterSuiteConfiguration" time="0.0">
    <ignored/>
  </testcase> <!-- @AfterSuite afterSuiteConfiguration -->
</testsuite> <!-- Test1 -->
