<?xml version="1.0" encoding="UTF-8"?>
<!-- Generated by org.testng.reporters.JUnitXMLReporter -->
<testsuite ignored="12" hostname="LAPTOP-L3BQ5DRJ" failures="0" tests="1" name="Test" time="14.731" errors="0" timestamp="2025-03-24T08:47:56 IST">
  <testcase classname="ContactTests.ToCreateContactwWithOrgTest" name="toCreateContactWithOrg_005" time="7.514"/>
  <testcase classname="ContactTests.ToCreateContactTest" name="toCreateContact_001" time="0.0">
    <ignored/>
  </testcase> <!-- toCreateContact_001 -->
  <testcase classname="OrganizationTests.ToCreateOrgTest" name="toCreateOrg_002" time="0.0">
    <ignored/>
  </testcase> <!-- toCreateOrg_002 -->
  <testcase classname="OrganizationTests.ToCreateOrgWithIndustryTest" name="tocreateOrgWithIndustry_003" time="0.0">
    <ignored/>
  </testcase> <!-- tocreateOrgWithIndustry_003 -->
  <testcase classname="genericUtility.BaseClass" name="@BeforeSuite beforSuiteConfiugration" time="0.0">
    <ignored/>
  </testcase> <!-- @BeforeSuite beforSuiteConfiugration -->
  <testcase classname="genericUtility.BaseClass" name="@BeforeSuite beforSuiteConfiugration" time="0.0">
    <ignored/>
  </testcase> <!-- @BeforeSuite beforSuiteConfiugration -->
  <testcase classname="genericUtility.BaseClass" name="@BeforeSuite beforSuiteConfiugration" time="0.0">
    <ignored/>
  </testcase> <!-- @BeforeSuite beforSuiteConfiugration -->
  <testcase classname="genericUtility.BaseClass" name="@BeforeSuite beforSuiteConfiugration" time="0.0">
    <ignored/>
  </testcase> <!-- @BeforeSuite beforSuiteConfiugration -->
  <testcase classname="OrganizationTests.ToCreateOrgWithTypeTest" name="toCreateOrgWithTypeTest" time="0.0">
    <ignored/>
  </testcase> <!-- toCreateOrgWithTypeTest -->
  <testcase classname="genericUtility.BaseClass" name="@AfterSuite afterSuiteConfiguration" time="0.0">
    <ignored/>
  </testcase> <!-- @AfterSuite afterSuiteConfiguration -->
  <testcase classname="genericUtility.BaseClass" name="@AfterSuite afterSuiteConfiguration" time="0.0">
    <ignored/>
  </testcase> <!-- @AfterSuite afterSuiteConfiguration -->
  <testcase classname="genericUtility.BaseClass" name="@AfterSuite afterSuiteConfiguration" time="0.0">
    <ignored/>
  </testcase> <!-- @AfterSuite afterSuiteConfiguration -->
  <testcase classname="genericUtility.BaseClass" name="@AfterSuite afterSuiteConfiguration" time="0.0">
    <ignored/>
  </testcase> <!-- @AfterSuite afterSuiteConfiguration -->
</testsuite> <!-- Test -->
